\BOOKMARK [1][-]{Doc-Start}{\376\377\000L\000i\000s\000t\000\040\000o\000f\000\040\000A\000b\000b\000r\000e\000v\000i\000a\000t\000i\000o\000n\000s\000\040\000a\000n\000d\000\040\000A\000c\000r\000o\000n\000y\000m\000s}{}% 1
\BOOKMARK [1][-]{section.1}{\376\377\000I\000n\000t\000r\000o\000d\000u\000c\000t\000i\000o\000n}{}% 2
\BOOKMARK [2][-]{subsection.1.1}{\376\377\000B\000a\000c\000k\000g\000r\000o\000u\000n\000d}{section.1}% 3
\BOOKMARK [2][-]{subsection.1.2}{\376\377\000O\000b\000j\000e\000c\000t\000i\000v\000e\000s}{section.1}% 4
\BOOKMARK [3][-]{subsubsection.1.2.1}{\376\377\000G\000e\000n\000e\000r\000a\000l\000\040\000O\000b\000j\000e\000c\000t\000i\000v\000e}{subsection.1.2}% 5
\BOOKMARK [3][-]{subsubsection.1.2.2}{\376\377\000S\000p\000e\000c\000i\000f\000i\000c\000\040\000O\000b\000j\000e\000c\000t\000i\000v\000e\000s}{subsection.1.2}% 6
\BOOKMARK [2][-]{subsection.1.3}{\376\377\000R\000a\000t\000i\000o\000n\000a\000l\000e}{section.1}% 7
\BOOKMARK [2][-]{subsection.1.4}{\376\377\000R\000e\000s\000e\000a\000r\000c\000h\000\040\000Q\000u\000e\000s\000t\000i\000o\000n\000s}{section.1}% 8
\BOOKMARK [2][-]{subsection.1.5}{\376\377\000S\000i\000g\000n\000i\000f\000i\000c\000a\000n\000c\000e\000\040\000o\000f\000\040\000t\000h\000e\000\040\000S\000t\000u\000d\000y}{section.1}% 9
\BOOKMARK [2][-]{subsection.1.6}{\376\377\000L\000i\000m\000i\000t\000a\000t\000i\000o\000n\000s}{section.1}% 10
\BOOKMARK [1][-]{section.2}{\376\377\000L\000i\000t\000e\000r\000a\000t\000u\000r\000e\000\040\000R\000e\000v\000i\000e\000w}{}% 11
\BOOKMARK [2][-]{subsection.2.1}{\376\377\000E\000G\000F\000R\000\040\000a\000s\000\040\000a\000\040\000T\000h\000e\000r\000a\000p\000e\000u\000t\000i\000c\000\040\000T\000a\000r\000g\000e\000t\000\040\000i\000n\000\040\000N\000S\000C\000L\000C}{section.2}% 12
\BOOKMARK [2][-]{subsection.2.2}{\376\377\000G\000e\000n\000e\000r\000a\000t\000i\000o\000n\000s\000\040\000o\000f\000\040\000E\000G\000F\000R\000\040\000T\000K\000I\000s\000\040\000a\000n\000d\000\040\000R\000e\000s\000i\000s\000t\000a\000n\000c\000e\000\040\000M\000e\000c\000h\000a\000n\000i\000s\000m\000s}{section.2}% 13
\BOOKMARK [2][-]{subsection.2.3}{\376\377\000B\000i\000o\000a\000c\000t\000i\000v\000i\000t\000y\000\040\000D\000a\000t\000a\000\040\000a\000n\000d\000\040\000t\000h\000e\000\040\000C\000h\000E\000M\000B\000L\000\040\000D\000a\000t\000a\000b\000a\000s\000e}{section.2}% 14
\BOOKMARK [2][-]{subsection.2.4}{\376\377\000M\000o\000l\000e\000c\000u\000l\000a\000r\000\040\000F\000i\000n\000g\000e\000r\000p\000r\000i\000n\000t\000s\000\040\000a\000n\000d\000\040\000T\000r\000a\000d\000i\000t\000i\000o\000n\000a\000l\000\040\000M\000a\000c\000h\000i\000n\000e\000\040\000L\000e\000a\000r\000n\000i\000n\000g\000\040\000B\000a\000s\000e\000l\000i\000n\000e\000s}{section.2}% 15
\BOOKMARK [2][-]{subsection.2.5}{\376\377\000G\000r\000a\000p\000h\000\040\000N\000e\000u\000r\000a\000l\000\040\000N\000e\000t\000w\000o\000r\000k\000s\000\040\000f\000o\000r\000\040\000M\000o\000l\000e\000c\000u\000l\000a\000r\000\040\000P\000r\000o\000p\000e\000r\000t\000y\000\040\000P\000r\000e\000d\000i\000c\000t\000i\000o\000n}{section.2}% 16
\BOOKMARK [2][-]{subsection.2.6}{\376\377\000G\000N\000N\000\040\000M\000o\000d\000e\000l\000s\000\040\000f\000o\000r\000\040\000E\000G\000F\000R\000\040\000I\000n\000h\000i\000b\000i\000t\000o\000r\000\040\000P\000r\000e\000d\000i\000c\000t\000i\000o\000n}{section.2}% 17
\BOOKMARK [2][-]{subsection.2.7}{\376\377\000E\000x\000p\000l\000a\000i\000n\000a\000b\000i\000l\000i\000t\000y\000\040\000i\000n\000\040\000G\000N\000N\000-\000B\000a\000s\000e\000d\000\040\000D\000r\000u\000g\000\040\000D\000i\000s\000c\000o\000v\000e\000r\000y}{section.2}% 18
\BOOKMARK [2][-]{subsection.2.8}{\376\377\000V\000i\000r\000t\000u\000a\000l\000\040\000S\000c\000r\000e\000e\000n\000i\000n\000g\000\040\000w\000i\000t\000h\000\040\000M\000a\000c\000h\000i\000n\000e\000\040\000L\000e\000a\000r\000n\000i\000n\000g}{section.2}% 19
\BOOKMARK [2][-]{subsection.2.9}{\376\377\000S\000u\000m\000m\000a\000r\000y\000\040\000a\000n\000d\000\040\000R\000e\000s\000e\000a\000r\000c\000h\000\040\000G\000a\000p}{section.2}% 20
\BOOKMARK [1][-]{section.3}{\376\377\000M\000a\000t\000e\000r\000i\000a\000l\000s\000\040\000a\000n\000d\000\040\000M\000e\000t\000h\000o\000d\000s}{}% 21
\BOOKMARK [2][-]{subsection.3.1}{\376\377\000O\000v\000e\000r\000v\000i\000e\000w\000\040\000o\000f\000\040\000t\000h\000e\000\040\000C\000o\000m\000p\000u\000t\000a\000t\000i\000o\000n\000a\000l\000\040\000P\000i\000p\000e\000l\000i\000n\000e}{section.3}% 22
\BOOKMARK [2][-]{subsection.3.2}{\376\377\000P\000h\000a\000s\000e\000\040\0001\000:\000\040\000D\000a\000t\000a\000\040\000A\000c\000q\000u\000i\000s\000i\000t\000i\000o\000n\000\040\000a\000n\000d\000\040\000C\000u\000r\000a\000t\000i\000o\000n}{section.3}% 23
\BOOKMARK [3][-]{subsubsection.3.2.1}{\376\377\000D\000a\000t\000a\000\040\000S\000o\000u\000r\000c\000e\000\040\000a\000n\000d\000\040\000R\000e\000t\000r\000i\000e\000v\000a\000l}{subsection.3.2}% 24
\BOOKMARK [3][-]{subsubsection.3.2.2}{\376\377\000D\000a\000t\000a\000\040\000C\000l\000e\000a\000n\000i\000n\000g}{subsection.3.2}% 25
\BOOKMARK [3][-]{subsubsection.3.2.3}{\376\377\000A\000c\000t\000i\000v\000i\000t\000y\000\040\000L\000a\000b\000e\000l\000l\000i\000n\000g}{subsection.3.2}% 26
\BOOKMARK [3][-]{subsubsection.3.2.4}{\376\377\000C\000h\000e\000m\000i\000c\000a\000l\000\040\000F\000i\000l\000t\000e\000r\000i\000n\000g}{subsection.3.2}% 27
\BOOKMARK [3][-]{subsubsection.3.2.5}{\376\377\000D\000a\000t\000a\000\040\000S\000p\000l\000i\000t\000t\000i\000n\000g\000\040\000S\000t\000r\000a\000t\000e\000g\000i\000e\000s}{subsection.3.2}% 28
\BOOKMARK [2][-]{subsection.3.3}{\376\377\000P\000h\000a\000s\000e\000\040\0002\000:\000\040\000M\000o\000l\000e\000c\000u\000l\000a\000r\000\040\000G\000r\000a\000p\000h\000\040\000C\000o\000n\000s\000t\000r\000u\000c\000t\000i\000o\000n}{section.3}% 29
\BOOKMARK [3][-]{subsubsection.3.3.1}{\376\377\000G\000r\000a\000p\000h\000\040\000R\000e\000p\000r\000e\000s\000e\000n\000t\000a\000t\000i\000o\000n}{subsection.3.3}% 30
\BOOKMARK [3][-]{subsubsection.3.3.2}{\376\377\000N\000o\000d\000e\000\040\000F\000e\000a\000t\000u\000r\000e\000s}{subsection.3.3}% 31
\BOOKMARK [3][-]{subsubsection.3.3.3}{\376\377\000E\000d\000g\000e\000\040\000F\000e\000a\000t\000u\000r\000e\000s}{subsection.3.3}% 32
\BOOKMARK [3][-]{subsubsection.3.3.4}{\376\377\000E\000x\000p\000l\000o\000r\000a\000t\000o\000r\000y\000\040\000D\000a\000t\000a\000\040\000A\000n\000a\000l\000y\000s\000i\000s}{subsection.3.3}% 33
\BOOKMARK [2][-]{subsection.3.4}{\376\377\000P\000h\000a\000s\000e\000\040\0003\000:\000\040\000G\000N\000N\000\040\000M\000o\000d\000e\000l\000\040\000D\000e\000v\000e\000l\000o\000p\000m\000e\000n\000t\000,\000\040\000B\000e\000n\000c\000h\000m\000a\000r\000k\000i\000n\000g\000,\000\040\000a\000n\000d\000\040\000E\000v\000a\000l\000u\000a\000t\000i\000o\000n}{section.3}% 34
\BOOKMARK [3][-]{subsubsection.3.4.1}{\376\377\000G\000N\000N\000\040\000A\000r\000c\000h\000i\000t\000e\000c\000t\000u\000r\000e\000\040\0001\000:\000\040\000G\000r\000a\000p\000h\000\040\000C\000o\000n\000v\000o\000l\000u\000t\000i\000o\000n\000a\000l\000\040\000N\000e\000t\000w\000o\000r\000k\000\040\000\050\000G\000C\000N\000\051}{subsection.3.4}% 35
\BOOKMARK [3][-]{subsubsection.3.4.2}{\376\377\000G\000N\000N\000\040\000A\000r\000c\000h\000i\000t\000e\000c\000t\000u\000r\000e\000\040\0002\000:\000\040\000G\000r\000a\000p\000h\000\040\000A\000t\000t\000e\000n\000t\000i\000o\000n\000\040\000N\000e\000t\000w\000o\000r\000k\000\040\000\050\000G\000A\000T\000\051}{subsection.3.4}% 36
\BOOKMARK [3][-]{subsubsection.3.4.3}{\376\377\000B\000a\000s\000e\000l\000i\000n\000e\000\040\000M\000o\000d\000e\000l\000s}{subsection.3.4}% 37
\BOOKMARK [3][-]{subsubsection.3.4.4}{\376\377\000H\000y\000p\000e\000r\000p\000a\000r\000a\000m\000e\000t\000e\000r\000\040\000O\000p\000t\000i\000m\000i\000s\000a\000t\000i\000o\000n}{subsection.3.4}% 38
\BOOKMARK [3][-]{subsubsection.3.4.5}{\376\377\000T\000r\000a\000i\000n\000i\000n\000g\000\040\000C\000o\000n\000f\000i\000g\000u\000r\000a\000t\000i\000o\000n}{subsection.3.4}% 39
\BOOKMARK [3][-]{subsubsection.3.4.6}{\376\377\000E\000v\000a\000l\000u\000a\000t\000i\000o\000n\000\040\000M\000e\000t\000r\000i\000c\000s}{subsection.3.4}% 40
\BOOKMARK [2][-]{subsection.3.5}{\376\377\000P\000h\000a\000s\000e\000\040\0004\000:\000\040\000E\000x\000p\000l\000a\000i\000n\000a\000b\000i\000l\000i\000t\000y\000\040\000A\000n\000a\000l\000y\000s\000i\000s\000\040\000a\000n\000d\000\040\000V\000i\000r\000t\000u\000a\000l\000\040\000S\000c\000r\000e\000e\000n\000i\000n\000g}{section.3}% 41
\BOOKMARK [3][-]{subsubsection.3.5.1}{\376\377\000G\000N\000N\000E\000x\000p\000l\000a\000i\000n\000e\000r\000:\000\040\000I\000n\000s\000t\000a\000n\000c\000e\000-\000L\000e\000v\000e\000l\000\040\000M\000o\000l\000e\000c\000u\000l\000a\000r\000\040\000E\000x\000p\000l\000a\000n\000a\000t\000i\000o\000n}{subsection.3.5}% 42
\BOOKMARK [3][-]{subsubsection.3.5.2}{\376\377\000S\000H\000A\000P\000:\000\040\000G\000l\000o\000b\000a\000l\000\040\000F\000e\000a\000t\000u\000r\000e\000\040\000I\000m\000p\000o\000r\000t\000a\000n\000c\000e}{subsection.3.5}% 43
\BOOKMARK [3][-]{subsubsection.3.5.3}{\376\377\000C\000h\000e\000m\000i\000c\000a\000l\000\040\000I\000n\000t\000e\000r\000p\000r\000e\000t\000a\000t\000i\000o\000n}{subsection.3.5}% 44
\BOOKMARK [3][-]{subsubsection.3.5.4}{\376\377\000V\000i\000r\000t\000u\000a\000l\000\040\000S\000c\000r\000e\000e\000n\000i\000n\000g\000\040\000o\000f\000\040\000U\000n\000s\000e\000e\000n\000\040\000C\000h\000E\000M\000B\000L\000\040\000C\000o\000m\000p\000o\000u\000n\000d\000s}{subsection.3.5}% 45
\BOOKMARK [2][-]{subsection.3.6}{\376\377\000S\000o\000f\000t\000w\000a\000r\000e\000\040\000a\000n\000d\000\040\000T\000o\000o\000l\000s}{section.3}% 46
\BOOKMARK [1][-]{subsection.3.6}{\376\377\000E\000x\000p\000e\000c\000t\000e\000d\000\040\000O\000u\000t\000c\000o\000m\000e\000s}{}% 47
\BOOKMARK [1][-]{subsection.3.6}{\376\377\000W\000o\000r\000k\000\040\000P\000l\000a\000n\000\040\000o\000f\000\040\000t\000h\000e\000\040\000S\000t\000u\000d\000y}{}% 48
\BOOKMARK [1][-]{table.1}{\376\377\000R\000e\000f\000e\000r\000e\000n\000c\000e\000s}{}% 49
